<?xml version="1.0" encoding="UTF-8"?>
<!-- Generated by org.testng.reporters.JUnitReportReporter -->
<testsuite skipped="0" hostname="DESKTOP-2NAMQF0" name="com.restuarant.testcases.SalesPageTest" tests="1" failures="0" timestamp="2022-12-26T10:20:38 IST" time="1.431" errors="0">
  <testcase name="SalesSearch" time="1.431" classname="com.restuarant.testcases.SalesPageTest"/>
  <system-out/>
</testsuite> <!-- com.restuarant.testcases.SalesPageTest -->
