<?xml version="1.0" encoding="UTF-8"?>
<!-- Generated by org.testng.reporters.JUnitReportReporter -->
<testsuite skipped="0" hostname="DESKTOP-2NAMQF0" name="com.restuarant.testcases.HomePageTest" tests="3" failures="0" timestamp="2022-12-26T10:20:38 IST" time="19.280" errors="0">
  <testcase name="language" time="5.999" classname="com.restuarant.testcases.HomePageTest"/>
  <system-out/>
  <testcase name="SelectLangEnglish" time="5.247" classname="com.restuarant.testcases.HomePageTest"/>
  <system-out/>
  <testcase name="products" time="8.034" classname="com.restuarant.testcases.HomePageTest"/>
  <system-out/>
</testsuite> <!-- com.restuarant.testcases.HomePageTest -->
