<?xml version="1.0" encoding="UTF-8"?>
<!-- Generated by org.testng.reporters.JUnitReportReporter -->
<testsuite skipped="0" hostname="DESKTOP-2NAMQF0" name="com.restuarant.testcases.StoresPageTest" tests="2" failures="0" timestamp="2022-12-26T10:20:38 IST" time="9.204" errors="0">
  <testcase name="SelectStore" time="6.016" classname="com.restuarant.testcases.StoresPageTest"/>
  <system-out/>
  <testcase name="SearchStore" time="3.188" classname="com.restuarant.testcases.StoresPageTest"/>
  <system-out/>
</testsuite> <!-- com.restuarant.testcases.StoresPageTest -->
