<?xml version="1.0" encoding="UTF-8"?>
<!-- Generated by org.testng.reporters.JUnitReportReporter -->
<testsuite skipped="0" hostname="DESKTOP-2NAMQF0" name="com.restuarant.testcases.PeoplesPageTest" tests="7" failures="0" timestamp="2022-12-26T10:20:38 IST" time="24.280" errors="0">
  <testcase name="SelectPeople" time="5.757" classname="com.restuarant.testcases.PeoplesPageTest"/>
  <system-out/>
  <testcase name="SearchWaiternotPresent" time="0.301" classname="com.restuarant.testcases.PeoplesPageTest"/>
  <system-out/>
  <testcase name="SearchWaiterPresent" time="3.311" classname="com.restuarant.testcases.PeoplesPageTest"/>
  <system-out/>
  <testcase name="SelectCustomer" time="5.333" classname="com.restuarant.testcases.PeoplesPageTest"/>
  <system-out/>
  <testcase name="SearchCustomernotPresent" time="3.321" classname="com.restuarant.testcases.PeoplesPageTest"/>
  <system-out/>
  <testcase name="SearchCustomerPresent" time="0.411" classname="com.restuarant.testcases.PeoplesPageTest"/>
  <system-out/>
  <testcase name="addNewCustomer" time="5.846" classname="com.restuarant.testcases.PeoplesPageTest"/>
  <system-out/>
</testsuite> <!-- com.restuarant.testcases.PeoplesPageTest -->
