<?xml version="1.0" encoding="UTF-8"?>
<!-- Generated by org.testng.reporters.JUnitReportReporter -->
<testsuite skipped="0" hostname="DESKTOP-2NAMQF0" name="com.restuarant.testcases.LoginPageTest" tests="8" failures="0" timestamp="2022-12-26T10:20:38 IST" time="33.881" errors="0">
  <testcase name="verifyLogo" time="0.066" classname="com.restuarant.testcases.LoginPageTest"/>
  <system-out/>
  <testcase name="invalidLogin" time="4.714" classname="com.restuarant.testcases.LoginPageTest"/>
  <system-out/>
  <testcase name="invalidPassword" time="4.541" classname="com.restuarant.testcases.LoginPageTest"/>
  <system-out/>
  <testcase name="invalidUsername" time="4.794" classname="com.restuarant.testcases.LoginPageTest"/>
  <system-out/>
  <testcase name="blankUsername" time="4.179" classname="com.restuarant.testcases.LoginPageTest"/>
  <system-out/>
  <testcase name="blankPassword" time="3.457" classname="com.restuarant.testcases.LoginPageTest"/>
  <system-out/>
  <testcase name="blankUsernamePassword" time="3.414" classname="com.restuarant.testcases.LoginPageTest"/>
  <system-out/>
  <testcase name="login" time="8.716" classname="com.restuarant.testcases.LoginPageTest"/>
  <system-out/>
</testsuite> <!-- com.restuarant.testcases.LoginPageTest -->
