<?xml version="1.0" encoding="UTF-8"?>
<!-- Generated by org.testng.reporters.JUnitReportReporter -->
<testsuite skipped="0" hostname="DESKTOP-2NAMQF0" name="com.restuarant.testcases.ExpensePageTest" tests="5" failures="0" timestamp="2022-12-26T10:20:38 IST" time="47.760" errors="0">
  <testcase name="ExpenseSearch" time="7.673" classname="com.restuarant.testcases.ExpensePageTest"/>
  <system-out/>
  <testcase name="addExpence" time="2.914" classname="com.restuarant.testcases.ExpensePageTest"/>
  <system-out/>
  <testcase name="searchExpence" time="0.474" classname="com.restuarant.testcases.ExpensePageTest"/>
  <system-out/>
  <testcase name="deleteExpence" time="18.388" classname="com.restuarant.testcases.ExpensePageTest"/>
  <system-out/>
  <testcase name="deleteExpenceCancel" time="18.311" classname="com.restuarant.testcases.ExpensePageTest"/>
  <system-out/>
</testsuite> <!-- com.restuarant.testcases.ExpensePageTest -->
